1590082205972	mozrunner::runner	INFO	Running command: "/usr/bin/firefox" "-marionette" "-headless" "-foreground" "-no-remote" "-profile" "/tmp/rust_mozprofileGX2lLn"
*** You are running in headless mode.
1590082207769	addons.webextension.doh-rollout@mozilla.org	WARN	Loading extension 'doh-rollout@mozilla.org': Reading manifest: Invalid extension permission: networkStatus
1590082207863	addons.webextension.screenshots@mozilla.org	WARN	Loading extension 'screenshots@mozilla.org': Reading manifest: Invalid extension permission: mozillaAddons
1590082207863	addons.webextension.screenshots@mozilla.org	WARN	Loading extension 'screenshots@mozilla.org': Reading manifest: Invalid extension permission: telemetry
1590082207863	addons.webextension.screenshots@mozilla.org	WARN	Loading extension 'screenshots@mozilla.org': Reading manifest: Invalid extension permission: resource://pdf.js/
1590082207863	addons.webextension.screenshots@mozilla.org	WARN	Loading extension 'screenshots@mozilla.org': Reading manifest: Invalid extension permission: about:reader*
1590082218028	Marionette	INFO	Listening on port 38073
1590082218170	Marionette	WARN	TLS certificate errors will be ignored for this session

(firefox:361769): GLib-GIO-WARNING **: 23:00:55.037: /etc/xdg/kde-mimeapps.list contains a [Added Associations] group, but it is not permitted here.  Only the non-desktop-specific mimeapps.list file may add or remove associations.

(firefox:361769): GLib-GObject-CRITICAL **: 23:00:55.346: g_object_get: assertion 'G_IS_OBJECT (object)' failed

(firefox:361769): GLib-GObject-CRITICAL **: 23:01:22.032: g_object_get: assertion 'G_IS_OBJECT (object)' failed
1590082282749	Marionette	INFO	Stopped listening on port 38073
1590086276798	mozrunner::runner	INFO	Running command: "/usr/bin/firefox" "-marionette" "-headless" "-foreground" "-no-remote" "-profile" "/tmp/rust_mozprofileI0IN6X"
*** You are running in headless mode.
1590086278232	addons.webextension.doh-rollout@mozilla.org	WARN	Loading extension 'doh-rollout@mozilla.org': Reading manifest: Invalid extension permission: networkStatus
1590086278299	addons.webextension.screenshots@mozilla.org	WARN	Loading extension 'screenshots@mozilla.org': Reading manifest: Invalid extension permission: mozillaAddons
1590086278311	addons.webextension.screenshots@mozilla.org	WARN	Loading extension 'screenshots@mozilla.org': Reading manifest: Invalid extension permission: telemetry
1590086278315	addons.webextension.screenshots@mozilla.org	WARN	Loading extension 'screenshots@mozilla.org': Reading manifest: Invalid extension permission: resource://pdf.js/
1590086278315	addons.webextension.screenshots@mozilla.org	WARN	Loading extension 'screenshots@mozilla.org': Reading manifest: Invalid extension permission: about:reader*
1590086286782	Marionette	INFO	Listening on port 33249
1590086286816	Marionette	WARN	TLS certificate errors will be ignored for this session

(firefox:829782): GLib-GIO-WARNING **: 00:08:21.098: /etc/xdg/kde-mimeapps.list contains a [Added Associations] group, but it is not permitted here.  Only the non-desktop-specific mimeapps.list file may add or remove associations.
Exiting due to channel error.
Exiting due to channel error.
Exiting due to channel error.
1590086393687	mozrunner::runner	INFO	Running command: "/usr/bin/firefox" "-marionette" "-headless" "-foreground" "-no-remote" "-profile" "/tmp/rust_mozprofilew5GvuV"
*** You are running in headless mode.
1590086394881	addons.webextension.doh-rollout@mozilla.org	WARN	Loading extension 'doh-rollout@mozilla.org': Reading manifest: Invalid extension permission: networkStatus
1590086394947	addons.webextension.screenshots@mozilla.org	WARN	Loading extension 'screenshots@mozilla.org': Reading manifest: Invalid extension permission: mozillaAddons
1590086394949	addons.webextension.screenshots@mozilla.org	WARN	Loading extension 'screenshots@mozilla.org': Reading manifest: Invalid extension permission: telemetry
1590086394949	addons.webextension.screenshots@mozilla.org	WARN	Loading extension 'screenshots@mozilla.org': Reading manifest: Invalid extension permission: resource://pdf.js/
1590086394949	addons.webextension.screenshots@mozilla.org	WARN	Loading extension 'screenshots@mozilla.org': Reading manifest: Invalid extension permission: about:reader*
1590086404092	Marionette	INFO	Listening on port 44287
1590086404122	Marionette	WARN	TLS certificate errors will be ignored for this session

(firefox:843516): GLib-GIO-WARNING **: 00:10:30.365: /etc/xdg/kde-mimeapps.list contains a [Added Associations] group, but it is not permitted here.  Only the non-desktop-specific mimeapps.list file may add or remove associations.

(firefox:843516): GLib-GObject-CRITICAL **: 00:10:30.547: g_object_get: assertion 'G_IS_OBJECT (object)' failed

(firefox:843516): GLib-GObject-CRITICAL **: 00:10:49.301: g_object_get: assertion 'G_IS_OBJECT (object)' failed

(firefox:843516): GLib-GObject-CRITICAL **: 00:11:12.686: g_object_get: assertion 'G_IS_OBJECT (object)' failed

(firefox:843516): GLib-GObject-CRITICAL **: 00:11:32.677: g_object_get: assertion 'G_IS_OBJECT (object)' failed

(firefox:843516): GLib-GObject-CRITICAL **: 00:11:52.198: g_object_get: assertion 'G_IS_OBJECT (object)' failed

(firefox:843516): GLib-GObject-CRITICAL **: 00:12:12.097: g_object_get: assertion 'G_IS_OBJECT (object)' failed

(firefox:843516): GLib-GObject-CRITICAL **: 00:12:32.451: g_object_get: assertion 'G_IS_OBJECT (object)' failed

(firefox:843516): GLib-GObject-CRITICAL **: 00:12:52.753: g_object_get: assertion 'G_IS_OBJECT (object)' failed

(firefox:843516): GLib-GObject-CRITICAL **: 00:13:13.228: g_object_get: assertion 'G_IS_OBJECT (object)' failed

(firefox:843516): GLib-GObject-CRITICAL **: 00:13:36.941: g_object_get: assertion 'G_IS_OBJECT (object)' failed

(firefox:843516): GLib-GObject-CRITICAL **: 00:13:57.578: g_object_get: assertion 'G_IS_OBJECT (object)' failed

(firefox:843516): GLib-GObject-CRITICAL **: 00:14:17.495: g_object_get: assertion 'G_IS_OBJECT (object)' failed

(firefox:843516): GLib-GObject-CRITICAL **: 00:14:39.339: g_object_get: assertion 'G_IS_OBJECT (object)' failed

(firefox:843516): GLib-GObject-CRITICAL **: 00:14:59.313: g_object_get: assertion 'G_IS_OBJECT (object)' failed

(firefox:843516): GLib-GObject-CRITICAL **: 00:15:20.339: g_object_get: assertion 'G_IS_OBJECT (object)' failed

(firefox:843516): GLib-GObject-CRITICAL **: 00:15:40.524: g_object_get: assertion 'G_IS_OBJECT (object)' failed

(firefox:843516): GLib-GObject-CRITICAL **: 00:15:59.610: g_object_get: assertion 'G_IS_OBJECT (object)' failed

(firefox:843516): GLib-GObject-CRITICAL **: 00:16:17.382: g_object_get: assertion 'G_IS_OBJECT (object)' failed

(firefox:843516): GLib-GObject-CRITICAL **: 00:20:35.016: g_object_get: assertion 'G_IS_OBJECT (object)' failed
1590087035585	Marionette	INFO	Stopped listening on port 44287

###!!! [Child][MessageChannel] Error: (msgtype=0x380128,name=PContent::Msg_ScriptError) Channel closing: too late to send/recv, messages will be lost

1590088774144	mozrunner::runner	INFO	Running command: "/usr/bin/firefox" "-marionette" "-headless" "-foreground" "-no-remote" "-profile" "/tmp/rust_mozprofileJtLikT"
*** You are running in headless mode.
1590088775477	addons.webextension.doh-rollout@mozilla.org	WARN	Loading extension 'doh-rollout@mozilla.org': Reading manifest: Invalid extension permission: networkStatus
1590088775525	addons.webextension.screenshots@mozilla.org	WARN	Loading extension 'screenshots@mozilla.org': Reading manifest: Invalid extension permission: mozillaAddons
1590088775525	addons.webextension.screenshots@mozilla.org	WARN	Loading extension 'screenshots@mozilla.org': Reading manifest: Invalid extension permission: telemetry
1590088775525	addons.webextension.screenshots@mozilla.org	WARN	Loading extension 'screenshots@mozilla.org': Reading manifest: Invalid extension permission: resource://pdf.js/
1590088775525	addons.webextension.screenshots@mozilla.org	WARN	Loading extension 'screenshots@mozilla.org': Reading manifest: Invalid extension permission: about:reader*
1590088783539	Marionette	INFO	Listening on port 35217
1590088783610	Marionette	WARN	TLS certificate errors will be ignored for this session

(firefox:1129280): GLib-GIO-WARNING **: 00:50:14.591: /etc/xdg/kde-mimeapps.list contains a [Added Associations] group, but it is not permitted here.  Only the non-desktop-specific mimeapps.list file may add or remove associations.

(firefox:1129280): GLib-GObject-CRITICAL **: 00:50:14.842: g_object_get: assertion 'G_IS_OBJECT (object)' failed
1590088815819	Marionette	INFO	Stopped listening on port 35217
